TN:
SF:src\cache.ts
FN:6,(anonymous_0)
FN:8,(anonymous_1)
FN:19,(anonymous_2)
FNF:3
FNH:3
FNDA:118,(anonymous_0)
FNDA:140,(anonymous_1)
FNDA:125,(anonymous_2)
DA:6,118
DA:9,140
DA:10,27
DA:11,27
DA:12,12
DA:13,12
DA:15,1
DA:20,125
DA:21,16
DA:26,13
LF:10
LH:10
BRDA:9,0,0,113
BRDA:9,0,1,27
BRDA:11,1,0,15
BRDA:11,1,1,12
BRDA:20,2,0,109
BRDA:20,2,1,16
BRF:6
BRH:6
end_of_record
TN:
SF:src\index.ts
FN:20,withCors
FN:27,(anonymous_1)
FN:54,handleMcp
FNF:3
FNH:3
FNDA:2,withCors
FNDA:6,(anonymous_1)
FNDA:2,handleMcp
DA:12,1
DA:21,2
DA:22,10
DA:23,2
DA:28,6
DA:31,6
DA:32,1
DA:35,5
DA:36,2
DA:41,3
DA:42,1
DA:43,1
DA:46,2
DA:47,1
DA:50,1
DA:55,2
DA:56,1
DA:59,1
DA:63,1
DA:68,1
DA:70,1
LF:21
LH:21
BRDA:31,0,0,1
BRDA:31,0,1,5
BRDA:35,1,0,2
BRDA:35,1,1,3
BRDA:41,2,0,1
BRDA:41,2,1,2
BRDA:46,3,0,1
BRDA:46,3,1,1
BRDA:55,4,0,1
BRDA:55,4,1,1
BRF:10
BRH:10
end_of_record
TN:
SF:src\server.ts
FN:14,createServer
FNF:1
FNH:1
FNDA:3,createServer
DA:15,3
DA:16,3
DA:17,3
DA:18,3
DA:19,3
DA:20,3
DA:22,3
DA:27,3
DA:28,3
DA:29,3
DA:30,3
DA:31,3
DA:33,3
LF:13
LH:13
BRF:0
BRH:0
end_of_record
TN:
SF:src\affinity\client.ts
FN:7,(anonymous_0)
FN:12,(anonymous_1)
FN:17,(anonymous_2)
FN:22,(anonymous_3)
FN:26,(anonymous_4)
FN:44,(anonymous_5)
FN:53,(anonymous_6)
FN:57,(anonymous_7)
FN:61,(anonymous_8)
FN:91,(anonymous_9)
FN:112,(anonymous_10)
FNF:11
FNH:11
FNDA:4,(anonymous_0)
FNDA:1,(anonymous_1)
FNDA:4,(anonymous_2)
FNDA:1,(anonymous_3)
FNDA:3,(anonymous_4)
FNDA:115,(anonymous_5)
FNDA:141,(anonymous_6)
FNDA:4,(anonymous_7)
FNDA:145,(anonymous_8)
FNDA:150,(anonymous_9)
FNDA:5,(anonymous_10)
DA:6,4
DA:7,4
DA:11,1
DA:12,1
DA:16,4
DA:17,4
DA:21,1
DA:22,1
DA:26,3
DA:27,3
DA:28,3
DA:45,115
DA:47,113
DA:48,113
DA:49,115
DA:50,115
DA:54,141
DA:58,4
DA:68,145
DA:69,145
DA:71,145
DA:72,124
DA:73,215
DA:74,195
DA:79,145
DA:86,145
DA:88,145
DA:92,150
DA:94,150
DA:96,17
DA:98,17
DA:99,17
DA:100,16
DA:102,1
DA:105,17
DA:106,15
DA:107,14
DA:109,10
DA:110,6
DA:111,5
DA:112,5
DA:113,5
DA:115,1
DA:118,4
DA:120,1
LF:45
LH:45
BRDA:45,0,0,2
BRDA:45,0,1,113
BRDA:48,1,0,113
BRDA:48,1,1,111
BRDA:49,2,0,115
BRDA:49,2,1,112
BRDA:53,3,0,141
BRDA:57,4,0,4
BRDA:68,5,0,1
BRDA:68,5,1,144
BRDA:71,6,0,124
BRDA:71,6,1,21
BRDA:73,7,0,195
BRDA:73,7,1,20
BRDA:73,8,0,215
BRDA:73,8,1,196
BRDA:86,9,0,4
BRDA:86,9,1,141
BRDA:91,10,0,150
BRDA:94,11,0,133
BRDA:94,11,1,17
BRDA:100,12,0,16
BRDA:100,12,1,10
BRDA:100,12,2,10
BRDA:105,13,0,2
BRDA:105,13,1,15
BRDA:106,14,0,1
BRDA:106,14,1,14
BRDA:107,15,0,4
BRDA:107,15,1,10
BRDA:109,16,0,6
BRDA:109,16,1,4
BRDA:110,17,0,5
BRDA:110,17,1,1
BRDA:118,18,0,3
BRDA:118,18,1,1
BRF:36
BRH:36
end_of_record
TN:
SF:src\affinity\intelligence.ts
FN:6,(anonymous_0)
FN:12,(anonymous_1)
FNF:2
FNH:2
FNDA:28,(anonymous_0)
FNDA:25,(anonymous_1)
DA:6,28
DA:16,25
DA:17,25
DA:18,25
DA:20,24
DA:24,21
DA:25,21
LF:7
LH:7
BRDA:18,0,0,1
BRDA:18,0,1,24
BRF:2
BRH:2
end_of_record
TN:
SF:src\affinity\lists.ts
FN:6,(anonymous_0)
FN:8,(anonymous_1)
FN:18,(anonymous_2)
FN:41,(anonymous_3)
FNF:4
FNH:4
FNDA:26,(anonymous_0)
FNDA:6,(anonymous_1)
FNDA:13,(anonymous_2)
FNDA:8,(anonymous_3)
DA:6,26
DA:9,6
DA:10,6
DA:11,6
DA:13,5
DA:14,5
DA:15,5
DA:23,13
DA:24,13
DA:25,13
DA:27,12
DA:28,12
DA:29,12
DA:33,12
DA:37,13
DA:38,12
DA:42,8
DA:43,8
DA:44,8
DA:46,7
DA:49,7
DA:50,7
LF:22
LH:22
BRDA:11,0,0,1
BRDA:11,0,1,5
BRDA:20,1,0,13
BRDA:23,2,0,13
BRDA:23,2,1,12
BRDA:25,3,0,1
BRDA:25,3,1,12
BRDA:28,4,0,1
BRDA:28,4,1,11
BRDA:34,5,0,12
BRDA:34,5,1,0
BRDA:35,6,0,13
BRDA:35,6,1,10
BRDA:44,7,0,1
BRDA:44,7,1,7
BRF:15
BRH:14
end_of_record
TN:
SF:src\affinity\notes.ts
FN:6,(anonymous_0)
FN:8,(anonymous_1)
FN:30,(anonymous_2)
FN:45,(anonymous_3)
FNF:4
FNH:4
FNDA:42,(anonymous_0)
FNDA:16,(anonymous_1)
FNDA:3,(anonymous_2)
FNDA:17,(anonymous_3)
DA:6,42
DA:15,16
DA:16,16
DA:17,16
DA:18,16
DA:20,15
DA:21,15
DA:24,15
DA:25,15
DA:26,16
DA:27,15
DA:36,3
DA:52,17
DA:53,17
DA:54,17
DA:55,17
DA:57,16
DA:58,16
DA:61,16
DA:62,16
DA:63,17
DA:64,16
LF:22
LH:22
BRDA:15,0,0,16
BRDA:16,1,0,16
BRDA:16,1,1,15
BRDA:18,2,0,1
BRDA:18,2,1,15
BRDA:21,3,0,1
BRDA:21,3,1,14
BRDA:25,4,0,14
BRDA:25,4,1,1
BRDA:38,5,0,3
BRDA:38,5,1,1
BRDA:39,6,0,3
BRDA:39,6,1,3
BRDA:40,7,0,3
BRDA:40,7,1,3
BRDA:52,8,0,17
BRDA:53,9,0,17
BRDA:53,9,1,16
BRDA:55,10,0,1
BRDA:55,10,1,16
BRDA:58,11,0,1
BRDA:58,11,1,15
BRDA:62,12,0,15
BRDA:62,12,1,1
BRF:24
BRH:24
end_of_record
TN:
SF:src\affinity\organizations.ts
FN:6,(anonymous_0)
FN:11,(anonymous_1)
FN:28,(anonymous_2)
FNF:3
FNH:3
FNDA:36,(anonymous_0)
FNDA:9,(anonymous_1)
FNDA:13,(anonymous_2)
DA:6,36
DA:12,9
DA:13,9
DA:14,9
DA:16,8
DA:20,8
DA:21,9
DA:22,8
DA:29,13
DA:30,13
DA:31,13
DA:33,12
DA:36,12
DA:37,12
LF:14
LH:14
BRDA:11,0,0,9
BRDA:14,1,0,1
BRDA:14,1,1,8
BRDA:20,2,0,8
BRDA:20,2,1,1
BRDA:31,3,0,1
BRDA:31,3,1,12
BRF:7
BRH:7
end_of_record
TN:
SF:src\affinity\people.ts
FN:6,(anonymous_0)
FN:11,(anonymous_1)
FN:28,(anonymous_2)
FNF:3
FNH:3
FNDA:38,(anonymous_0)
FNDA:10,(anonymous_1)
FNDA:19,(anonymous_2)
DA:6,38
DA:12,10
DA:13,10
DA:14,10
DA:16,9
DA:20,9
DA:21,10
DA:22,9
DA:29,19
DA:30,19
DA:31,19
DA:33,18
DA:36,17
DA:37,17
LF:14
LH:14
BRDA:11,0,0,10
BRDA:14,1,0,1
BRDA:14,1,1,9
BRDA:20,2,0,9
BRDA:20,2,1,1
BRDA:31,3,0,1
BRDA:31,3,1,18
BRF:7
BRH:7
end_of_record
TN:
SF:src\tools\intelligence.ts
FN:10,strengthLabel
FN:18,registerIntelligenceTools
FN:35,(anonymous_2)
FN:59,(anonymous_3)
FN:78,(anonymous_4)
FN:78,(anonymous_5)
FN:105,(anonymous_6)
FN:117,(anonymous_7)
FN:121,(anonymous_8)
FN:121,(anonymous_9)
FN:159,(anonymous_10)
FN:187,(anonymous_11)
FN:197,(anonymous_12)
FN:221,(anonymous_13)
FN:231,(anonymous_14)
FNF:15
FNH:13
FNDA:17,strengthLabel
FNDA:24,registerIntelligenceTools
FNDA:8,(anonymous_2)
FNDA:5,(anonymous_3)
FNDA:4,(anonymous_4)
FNDA:0,(anonymous_5)
FNDA:3,(anonymous_6)
FNDA:0,(anonymous_7)
FNDA:3,(anonymous_8)
FNDA:1,(anonymous_9)
FNDA:9,(anonymous_10)
FNDA:1,(anonymous_11)
FNDA:1,(anonymous_12)
FNDA:1,(anonymous_13)
FNDA:1,(anonymous_14)
DA:11,17
DA:12,15
DA:13,4
DA:14,3
DA:15,2
DA:25,24
DA:36,8
DA:37,8
DA:38,8
DA:41,8
DA:42,8
DA:53,24
DA:61,5
DA:62,5
DA:64,5
DA:65,1
DA:76,4
DA:77,4
DA:78,4
DA:81,4
DA:82,4
DA:83,4
DA:84,4
DA:85,4
DA:86,4
DA:87,7
DA:91,4
DA:92,1
DA:103,3
DA:104,3
DA:106,3
DA:107,3
DA:108,2
DA:110,1
DA:116,3
DA:117,0
DA:120,3
DA:121,3
DA:124,3
DA:125,3
DA:126,3
DA:127,3
DA:128,3
DA:131,3
DA:132,3
DA:133,3
DA:134,3
DA:137,3
DA:140,3
DA:144,24
DA:160,9
DA:161,1
DA:166,8
DA:168,8
DA:170,4
DA:171,4
DA:172,4
DA:173,4
DA:174,4
DA:177,4
DA:178,4
DA:179,3
DA:181,1
DA:185,4
DA:186,4
DA:187,1
DA:188,1
DA:190,3
DA:194,4
DA:195,4
DA:196,1
DA:197,1
DA:199,1
DA:201,3
DA:203,4
DA:205,4
DA:206,4
DA:207,4
DA:208,4
DA:211,4
DA:212,4
DA:213,3
DA:215,1
DA:219,4
DA:220,4
DA:221,1
DA:222,1
DA:224,3
DA:228,4
DA:229,4
DA:230,1
DA:231,1
DA:233,1
DA:235,3
DA:239,8
LF:95
LH:94
BRDA:11,0,0,2
BRDA:11,0,1,15
BRDA:12,1,0,11
BRDA:12,1,1,4
BRDA:13,2,0,1
BRDA:13,2,1,3
BRDA:14,3,0,1
BRDA:14,3,1,2
BRDA:38,4,0,7
BRDA:38,4,1,1
BRDA:41,5,0,7
BRDA:41,5,1,1
BRDA:62,6,0,5
BRDA:62,6,1,0
BRDA:64,7,0,1
BRDA:64,7,1,4
BRDA:84,8,0,0
BRDA:84,8,1,4
BRDA:86,9,0,4
BRDA:86,9,1,0
BRDA:87,10,0,3
BRDA:87,10,1,4
BRDA:91,11,0,1
BRDA:91,11,1,3
BRDA:128,12,0,2
BRDA:128,12,1,1
BRDA:129,13,0,2
BRDA:129,13,1,0
BRDA:131,14,0,3
BRDA:131,14,1,1
BRDA:131,14,2,1
BRDA:132,15,0,2
BRDA:132,15,1,1
BRDA:134,16,0,2
BRDA:134,16,1,1
BRDA:160,17,0,1
BRDA:160,17,1,8
BRDA:160,18,0,9
BRDA:160,18,1,5
BRDA:168,19,0,4
BRDA:168,19,1,4
BRDA:171,20,0,4
BRDA:171,20,1,0
BRDA:172,21,0,4
BRDA:172,21,1,0
BRDA:172,21,2,0
BRDA:174,22,0,4
BRDA:174,22,1,0
BRDA:174,23,0,4
BRDA:174,23,1,0
BRDA:174,24,0,4
BRDA:174,24,1,0
BRDA:174,25,0,4
BRDA:174,25,1,4
BRDA:179,26,0,3
BRDA:179,26,1,0
BRDA:181,27,0,0
BRDA:181,27,1,1
BRDA:186,28,0,1
BRDA:186,28,1,3
BRDA:195,29,0,1
BRDA:195,29,1,3
BRDA:197,30,0,1
BRDA:197,30,1,0
BRDA:197,31,0,1
BRDA:197,31,1,0
BRDA:203,32,0,4
BRDA:203,32,1,0
BRDA:206,33,0,4
BRDA:206,33,1,0
BRDA:206,33,2,0
BRDA:208,34,0,4
BRDA:208,34,1,0
BRDA:208,35,0,4
BRDA:208,35,1,0
BRDA:208,36,0,4
BRDA:208,36,1,0
BRDA:208,37,0,4
BRDA:208,37,1,4
BRDA:213,38,0,3
BRDA:213,38,1,0
BRDA:215,39,0,0
BRDA:215,39,1,1
BRDA:220,40,0,1
BRDA:220,40,1,3
BRDA:229,41,0,1
BRDA:229,41,1,3
BRDA:231,42,0,0
BRDA:231,42,1,1
BRDA:231,43,0,1
BRDA:231,43,1,1
BRF:91
BRH:68
end_of_record
TN:
SF:src\tools\lists.ts
FN:19,formatList
FN:25,formatEntry
FN:46,formatFieldValue
FN:57,registerListTools
FN:62,(anonymous_4)
FN:82,(anonymous_5)
FN:102,(anonymous_6)
FNF:7
FNH:7
FNDA:3,formatList
FNDA:7,formatEntry
FNDA:4,formatFieldValue
FNDA:18,registerListTools
FNDA:3,(anonymous_4)
FNDA:8,(anonymous_5)
FNDA:5,(anonymous_6)
DA:13,2
DA:20,3
DA:21,3
DA:22,3
DA:26,7
DA:28,7
DA:29,3
DA:30,3
DA:31,3
DA:32,3
DA:33,4
DA:34,2
DA:35,2
DA:36,2
DA:37,2
DA:38,1
DA:39,1
DA:41,1
DA:43,7
DA:47,4
DA:49,4
DA:54,4
DA:58,18
DA:63,3
DA:64,3
DA:65,1
DA:67,2
DA:68,2
DA:74,18
DA:83,8
DA:84,8
DA:85,1
DA:87,7
DA:88,7
DA:89,7
DA:90,1
DA:92,7
DA:96,18
DA:103,5
DA:104,5
DA:105,1
DA:109,4
DA:110,4
LF:43
LH:43
BRDA:20,0,0,3
BRDA:20,0,1,1
BRDA:21,1,0,2
BRDA:21,1,1,1
BRDA:28,2,0,3
BRDA:28,2,1,4
BRDA:30,3,0,3
BRDA:30,3,1,1
BRDA:31,4,0,3
BRDA:31,4,1,1
BRDA:31,4,2,1
BRDA:33,5,0,2
BRDA:33,5,1,2
BRDA:35,6,0,2
BRDA:35,6,1,1
BRDA:35,6,2,1
BRDA:37,7,0,1
BRDA:37,7,1,1
BRDA:47,8,0,4
BRDA:47,8,1,1
BRDA:49,9,0,1
BRDA:49,9,1,3
BRDA:49,10,0,4
BRDA:49,10,1,3
BRDA:51,11,0,1
BRDA:51,11,1,2
BRDA:64,12,0,1
BRDA:64,12,1,2
BRDA:84,13,0,1
BRDA:84,13,1,7
BRDA:89,14,0,1
BRDA:89,14,1,6
BRDA:104,15,0,1
BRDA:104,15,1,4
BRF:34
BRH:34
end_of_record
TN:
SF:src\tools\notes.ts
FN:11,formatNote
FN:20,formatInteraction
FN:28,registerNotesTools
FN:39,(anonymous_3)
FN:74,(anonymous_4)
FN:100,(anonymous_5)
FNF:6
FNH:6
FNDA:2,formatNote
FNDA:3,formatInteraction
FNDA:12,registerNotesTools
FNDA:4,(anonymous_3)
FNDA:1,(anonymous_4)
FNDA:5,(anonymous_5)
DA:6,2
DA:12,2
DA:13,2
DA:14,2
DA:15,2
DA:16,2
DA:17,2
DA:21,3
DA:22,3
DA:23,3
DA:24,3
DA:25,3
DA:29,12
DA:40,4
DA:47,4
DA:48,2
DA:50,2
DA:51,2
DA:52,2
DA:53,1
DA:55,2
DA:59,12
DA:75,1
DA:76,1
DA:82,12
DA:101,5
DA:108,5
DA:109,2
DA:111,3
DA:112,3
DA:113,3
DA:114,1
DA:116,3
LF:33
LH:33
BRDA:14,0,0,2
BRDA:14,0,1,0
BRDA:15,1,0,2
BRDA:15,1,1,0
BRDA:16,2,0,2
BRDA:16,2,1,0
BRDA:21,3,0,3
BRDA:21,3,1,0
BRDA:23,4,0,2
BRDA:23,4,1,1
BRDA:24,5,0,2
BRDA:24,5,1,1
BRDA:47,6,0,2
BRDA:47,6,1,2
BRDA:52,7,0,1
BRDA:52,7,1,1
BRDA:108,8,0,2
BRDA:108,8,1,3
BRDA:113,9,0,1
BRDA:113,9,1,2
BRF:20
BRH:16
end_of_record
TN:
SF:src\tools\organizations.ts
FN:6,formatOrg
FN:15,registerOrganizationTools
FN:23,(anonymous_2)
FN:48,(anonymous_3)
FNF:4
FNH:4
FNDA:3,formatOrg
FNDA:8,registerOrganizationTools
FNDA:4,(anonymous_2)
FNDA:2,(anonymous_3)
DA:7,3
DA:8,3
DA:9,3
DA:12,3
DA:16,8
DA:24,4
DA:25,4
DA:26,1
DA:30,3
DA:31,3
DA:42,8
DA:49,2
DA:50,2
DA:51,2
DA:52,2
DA:54,2
DA:66,2
LF:17
LH:17
BRDA:7,0,0,3
BRDA:7,0,1,1
BRDA:7,0,2,1
BRDA:9,1,0,2
BRDA:9,1,1,1
BRDA:25,2,0,1
BRDA:25,2,1,3
BRDA:50,3,0,2
BRDA:50,3,1,1
BRDA:51,4,0,1
BRDA:51,4,1,1
BRDA:59,5,0,2
BRDA:59,5,1,1
BRDA:60,6,0,2
BRDA:60,6,1,1
BRDA:61,7,0,2
BRDA:61,7,1,1
BRDA:62,8,0,2
BRDA:62,8,1,2
BRF:19
BRH:19
end_of_record
TN:
SF:src\tools\people.ts
FN:6,formatPerson
FN:16,registerPeopleTools
FN:24,(anonymous_2)
FN:47,(anonymous_3)
FNF:4
FNH:4
FNDA:4,formatPerson
FNDA:9,registerPeopleTools
FNDA:5,(anonymous_2)
FNDA:2,(anonymous_3)
DA:7,4
DA:8,4
DA:9,4
DA:10,4
DA:13,4
DA:17,9
DA:25,5
DA:26,5
DA:27,1
DA:29,4
DA:30,4
DA:41,9
DA:48,2
DA:49,2
DA:50,2
DA:51,2
DA:54,2
DA:56,2
DA:68,2
LF:19
LH:19
BRDA:7,0,0,4
BRDA:7,0,1,1
BRDA:8,1,0,4
BRDA:8,1,1,1
BRDA:8,1,2,1
BRDA:10,2,0,3
BRDA:10,2,1,1
BRDA:26,3,0,1
BRDA:26,3,1,4
BRDA:50,4,0,2
BRDA:50,4,1,1
BRDA:51,5,0,1
BRDA:51,5,1,1
BRDA:61,6,0,2
BRDA:61,6,1,1
BRDA:62,7,0,2
BRDA:62,7,1,1
BRDA:63,8,0,2
BRDA:63,8,1,1
BRDA:64,9,0,2
BRDA:64,9,1,1
BRF:21
BRH:21
end_of_record
